# JRE version: OpenJDK Runtime Environment AdoptOpenJDK (14.0.2+12) (build 14.0.2+12)
# Java VM: OpenJDK 64-Bit Server VM AdoptOpenJDK (14.0.2+12, mixed mode, sharing, tiered, compressed oops, g1 gc, windows-amd64)
Heap:
 garbage-first heap   total 61440K, used 42792K [0x0000000082c00000, 0x0000000100000000)
  region size 1024K, 13 young (13312K), 3 survivors (3072K)
 Metaspace       used 62692K, capacity 64113K, committed 64256K, reserved 1103872K
  class space    used 8301K, capacity 8851K, committed 8960K, reserved 1048576K
GC Heap History (20 events):
Event: 15.409 GC heap before
{Heap before GC invocations=25 (full 0):
 garbage-first heap   total 48128K, used 39385K [0x0000000082c00000, 0x0000000100000000)
  region size 1024K, 16 young (16384K), 2 survivors (2048K)
 Metaspace       used 46948K, capacity 47991K, committed 48000K, reserved 1091584K
  class space    used 6107K, capacity 6519K, committed 6528K, reserved 1048576K
}
Event: 15.414 GC heap after
{Heap after GC invocations=26 (full 0):
 garbage-first heap   total 48128K, used 25557K [0x0000000082c00000, 0x0000000100000000)
  region size 1024K, 2 young (2048K), 2 survivors (2048K)
 Metaspace       used 46948K, capacity 47991K, committed 48000K, reserved 1091584K
  class space    used 6107K, capacity 6519K, committed 6528K, reserved 1048576K
}
Event: 16.247 GC heap before
{Heap before GC invocations=27 (full 0):
 garbage-first heap   total 48128K, used 39893K [0x0000000082c00000, 0x0000000100000000)
  region size 1024K, 16 young (16384K), 2 survivors (2048K)
 Metaspace       used 49121K, capacity 50186K, committed 50432K, reserved 1093632K
  class space    used 6481K, capacity 6887K, committed 6912K, reserved 1048576K
}
Event: 16.252 GC heap after
{Heap after GC invocations=28 (full 0):
 garbage-first heap   total 48128K, used 25916K [0x0000000082c00000, 0x0000000100000000)
  region size 1024K, 1 young (1024K), 1 survivors (1024K)
 Metaspace       used 49121K, capacity 50186K, committed 50432K, reserved 1093632K
  class space    used 6481K, capacity 6887K, committed 6912K, reserved 1048576K
}
Event: 16.821 GC heap before
{Heap before GC invocations=28 (full 0):
 garbage-first heap   total 48128K, used 40252K [0x0000000082c00000, 0x0000000100000000)
  region size 1024K, 15 young (15360K), 1 survivors (1024K)
 Metaspace       used 50962K, capacity 52130K, committed 52352K, reserved 1093632K
  class space    used 6756K, capacity 7188K, committed 7296K, reserved 1048576K
}
Event: 16.825 GC heap after
{Heap after GC invocations=29 (full 0):
 garbage-first heap   total 48128K, used 26458K [0x0000000082c00000, 0x0000000100000000)
  region size 1024K, 2 young (2048K), 2 survivors (2048K)
 Metaspace       used 50962K, capacity 52130K, committed 52352K, reserved 1093632K
  class space    used 6756K, capacity 7188K, committed 7296K, reserved 1048576K
}
Event: 17.257 GC heap before
{Heap before GC invocations=30 (full 0):
 garbage-first heap   total 51200K, used 39770K [0x0000000082c00000, 0x0000000100000000)
  region size 1024K, 15 young (15360K), 2 survivors (2048K)
 Metaspace       used 52666K, capacity 53774K, committed 54016K, reserved 1095680K
  class space    used 6992K, capacity 7416K, committed 7424K, reserved 1048576K
}
Event: 17.261 GC heap after
{Heap after GC invocations=31 (full 0):
 garbage-first heap   total 51200K, used 26934K [0x0000000082c00000, 0x0000000100000000)
  region size 1024K, 2 young (2048K), 2 survivors (2048K)
 Metaspace       used 52666K, capacity 53774K, committed 54016K, reserved 1095680K
  class space    used 6992K, capacity 7416K, committed 7424K, reserved 1048576K
}
Event: 17.915 GC heap before
{Heap before GC invocations=31 (full 0):
 garbage-first heap   total 51200K, used 43318K [0x0000000082c00000, 0x0000000100000000)
  region size 1024K, 18 young (18432K), 2 survivors (2048K)
 Metaspace       used 53544K, capacity 54761K, committed 54912K, reserved 1097728K
  class space    used 7094K, capacity 7529K, committed 7552K, reserved 1048576K
}
Event: 17.922 GC heap after
{Heap after GC invocations=32 (full 0):
 garbage-first heap   total 51200K, used 27946K [0x0000000082c00000, 0x0000000100000000)
  region size 1024K, 3 young (3072K), 3 survivors (3072K)
 Metaspace       used 53544K, capacity 54761K, committed 54912K, reserved 1097728K
  class space    used 7094K, capacity 7529K, committed 7552K, reserved 1048576K
}
Event: 18.778 GC heap before
{Heap before GC invocations=33 (full 0):
 garbage-first heap   total 51200K, used 42282K [0x0000000082c00000, 0x0000000100000000)
  region size 1024K, 17 young (17408K), 3 survivors (3072K)
 Metaspace       used 55695K, capacity 56960K, committed 57088K, reserved 1097728K
  class space    used 7391K, capacity 7859K, committed 7936K, reserved 1048576K
}
Event: 18.786 GC heap after
{Heap after GC invocations=34 (full 0):
 garbage-first heap   total 61440K, used 28882K [0x0000000082c00000, 0x0000000100000000)
  region size 1024K, 2 young (2048K), 2 survivors (2048K)
 Metaspace       used 55695K, capacity 56960K, committed 57088K, reserved 1097728K
  class space    used 7391K, capacity 7859K, committed 7936K, reserved 1048576K
}
Event: 19.918 GC heap before
{Heap before GC invocations=34 (full 0):
 garbage-first heap   total 61440K, used 51410K [0x0000000082c00000, 0x0000000100000000)
  region size 1024K, 24 young (24576K), 2 survivors (2048K)
 Metaspace       used 58274K, capacity 59626K, committed 59776K, reserved 1101824K
  class space    used 7752K, capacity 8237K, committed 8320K, reserved 1048576K
}
Event: 19.924 GC heap after
{Heap after GC invocations=35 (full 0):
 garbage-first heap   total 61440K, used 29913K [0x0000000082c00000, 0x0000000100000000)
  region size 1024K, 2 young (2048K), 2 survivors (2048K)
 Metaspace       used 58274K, capacity 59626K, committed 59776K, reserved 1101824K
  class space    used 7752K, capacity 8237K, committed 8320K, reserved 1048576K
}
Event: 20.872 GC heap before
{Heap before GC invocations=35 (full 0):
 garbage-first heap   total 61440K, used 51417K [0x0000000082c00000, 0x0000000100000000)
  region size 1024K, 23 young (23552K), 2 survivors (2048K)
 Metaspace       used 59509K, capacity 60911K, committed 61056K, reserved 1101824K
  class space    used 7930K, capacity 8470K, committed 8576K, reserved 1048576K
}
Event: 20.879 GC heap after
{Heap after GC invocations=36 (full 0):
 garbage-first heap   total 61440K, used 31562K [0x0000000082c00000, 0x0000000100000000)
  region size 1024K, 3 young (3072K), 3 survivors (3072K)
 Metaspace       used 59509K, capacity 60911K, committed 61056K, reserved 1101824K
  class space    used 7930K, capacity 8470K, committed 8576K, reserved 1048576K
}
Event: 21.852 GC heap before
{Heap before GC invocations=37 (full 0):
 garbage-first heap   total 61440K, used 51018K [0x0000000082c00000, 0x0000000100000000)
  region size 1024K, 22 young (22528K), 3 survivors (3072K)
 Metaspace       used 60633K, capacity 62107K, committed 62208K, reserved 1103872K
  class space    used 8075K, capacity 8629K, committed 8704K, reserved 1048576K
}
Event: 21.859 GC heap after
{Heap after GC invocations=38 (full 0):
 garbage-first heap   total 61440K, used 32821K [0x0000000082c00000, 0x0000000100000000)
  region size 1024K, 2 young (2048K), 2 survivors (2048K)
 Metaspace       used 60633K, capacity 62107K, committed 62208K, reserved 1103872K
  class space    used 8075K, capacity 8629K, committed 8704K, reserved 1048576K
}
Event: 148.766 GC heap before
{Heap before GC invocations=38 (full 0):
 garbage-first heap   total 61440K, used 51253K [0x0000000082c00000, 0x0000000100000000)
  region size 1024K, 20 young (20480K), 2 survivors (2048K)
 Metaspace       used 62606K, capacity 64055K, committed 64256K, reserved 1103872K
  class space    used 8302K, capacity 8852K, committed 8960K, reserved 1048576K
}
Event: 148.771 GC heap after
{Heap after GC invocations=39 (full 0):
 garbage-first heap   total 61440K, used 33576K [0x0000000082c00000, 0x0000000100000000)
  region size 1024K, 3 young (3072K), 3 survivors (3072K)
 Metaspace       used 62606K, capacity 64055K, committed 64256K, reserved 1103872K
  class space    used 8302K, capacity 8852K, committed 8960K, reserved 1048576K
}

