# JRE version: OpenJDK Runtime Environment AdoptOpenJDK (14.0.2+12) (build 14.0.2+12)
# Java VM: OpenJDK 64-Bit Server VM AdoptOpenJDK (14.0.2+12, mixed mode, sharing, tiered, compressed oops, g1 gc, windows-amd64)
Heap:
 garbage-first heap   total 61440K, used 46771K [0x0000000082c00000, 0x0000000100000000)
  region size 1024K, 15 young (15360K), 1 survivors (1024K)
 Metaspace       used 66466K, capacity 67865K, committed 68224K, reserved 1107968K
  class space    used 8729K, capacity 9276K, committed 9344K, reserved 1048576K
GC Heap History (20 events):
Event: 28.584 GC heap before
{Heap before GC invocations=43 (full 0):
 garbage-first heap   total 58368K, used 48553K [0x0000000082c00000, 0x0000000100000000)
  region size 1024K, 17 young (17408K), 1 survivors (1024K)
 Metaspace       used 60774K, capacity 62207K, committed 62464K, reserved 1103872K
  class space    used 8107K, capacity 8663K, committed 8704K, reserved 1048576K
}
Event: 28.589 GC heap after
{Heap after GC invocations=44 (full 0):
 garbage-first heap   total 58368K, used 33170K [0x0000000082c00000, 0x0000000100000000)
  region size 1024K, 2 young (2048K), 2 survivors (2048K)
 Metaspace       used 60774K, capacity 62207K, committed 62464K, reserved 1103872K
  class space    used 8107K, capacity 8663K, committed 8704K, reserved 1048576K
}
Event: 87.629 GC heap before
{Heap before GC invocations=45 (full 0):
 garbage-first heap   total 60416K, used 48530K [0x0000000082c00000, 0x0000000100000000)
  region size 1024K, 17 young (17408K), 2 survivors (2048K)
 Metaspace       used 62656K, capacity 64050K, committed 64256K, reserved 1103872K
  class space    used 8325K, capacity 8852K, committed 8960K, reserved 1048576K
}
Event: 87.635 GC heap after
{Heap after GC invocations=46 (full 0):
 garbage-first heap   total 60416K, used 33904K [0x0000000082c00000, 0x0000000100000000)
  region size 1024K, 2 young (2048K), 2 survivors (2048K)
 Metaspace       used 62656K, capacity 64050K, committed 64256K, reserved 1103872K
  class space    used 8325K, capacity 8852K, committed 8960K, reserved 1048576K
}
Event: 110.730 GC heap before
{Heap before GC invocations=46 (full 0):
 garbage-first heap   total 60416K, used 49264K [0x0000000082c00000, 0x0000000100000000)
  region size 1024K, 18 young (18432K), 2 survivors (2048K)
 Metaspace       used 65306K, capacity 66795K, committed 67072K, reserved 1107968K
  class space    used 8614K, capacity 9168K, committed 9216K, reserved 1048576K
}
Event: 110.737 GC heap after
{Heap after GC invocations=47 (full 0):
 garbage-first heap   total 60416K, used 34640K [0x0000000082c00000, 0x0000000100000000)
  region size 1024K, 2 young (2048K), 2 survivors (2048K)
 Metaspace       used 65306K, capacity 66795K, committed 67072K, reserved 1107968K
  class space    used 8614K, capacity 9168K, committed 9216K, reserved 1048576K
}
Event: 347.120 GC heap before
{Heap before GC invocations=48 (full 0):
 garbage-first heap   total 61440K, used 50000K [0x0000000082c00000, 0x0000000100000000)
  region size 1024K, 17 young (17408K), 2 survivors (2048K)
 Metaspace       used 66521K, capacity 68000K, committed 68224K, reserved 1107968K
  class space    used 8760K, capacity 9333K, committed 9344K, reserved 1048576K
}
Event: 347.125 GC heap after
{Heap after GC invocations=49 (full 0):
 garbage-first heap   total 61440K, used 35183K [0x0000000082c00000, 0x0000000100000000)
  region size 1024K, 3 young (3072K), 3 survivors (3072K)
 Metaspace       used 66521K, capacity 68000K, committed 68224K, reserved 1107968K
  class space    used 8760K, capacity 9333K, committed 9344K, reserved 1048576K
}
Event: 374.483 GC heap before
{Heap before GC invocations=49 (full 0):
 garbage-first heap   total 61440K, used 36207K [0x0000000082c00000, 0x0000000100000000)
  region size 1024K, 4 young (4096K), 3 survivors (3072K)
 Metaspace       used 66521K, capacity 68000K, committed 68224K, reserved 1107968K
  class space    used 8760K, capacity 9333K, committed 9344K, reserved 1048576K
}
Event: 374.496 GC heap after
{Heap after GC invocations=50 (full 0):
 garbage-first heap   total 61440K, used 33805K [0x0000000082c00000, 0x0000000100000000)
  region size 1024K, 1 young (1024K), 1 survivors (1024K)
 Metaspace       used 66521K, capacity 68000K, committed 68224K, reserved 1107968K
  class space    used 8760K, capacity 9333K, committed 9344K, reserved 1048576K
}
Event: 895.638 GC heap before
{Heap before GC invocations=50 (full 0):
 garbage-first heap   total 61440K, used 51213K [0x0000000082c00000, 0x0000000100000000)
  region size 1024K, 18 young (18432K), 1 survivors (1024K)
 Metaspace       used 66545K, capacity 68000K, committed 68224K, reserved 1107968K
  class space    used 8760K, capacity 9333K, committed 9344K, reserved 1048576K
}
Event: 895.641 GC heap after
{Heap after GC invocations=51 (full 0):
 garbage-first heap   total 61440K, used 33528K [0x0000000082c00000, 0x0000000100000000)
  region size 1024K, 1 young (1024K), 1 survivors (1024K)
 Metaspace       used 66545K, capacity 68000K, committed 68224K, reserved 1107968K
  class space    used 8760K, capacity 9333K, committed 9344K, reserved 1048576K
}
Event: 1416.984 GC heap before
{Heap before GC invocations=52 (full 0):
 garbage-first heap   total 61440K, used 50936K [0x0000000082c00000, 0x0000000100000000)
  region size 1024K, 18 young (18432K), 1 survivors (1024K)
 Metaspace       used 66548K, capacity 68000K, committed 68224K, reserved 1107968K
  class space    used 8760K, capacity 9333K, committed 9344K, reserved 1048576K
}
Event: 1416.985 GC heap after
{Heap after GC invocations=53 (full 0):
 garbage-first heap   total 61440K, used 33458K [0x0000000082c00000, 0x0000000100000000)
  region size 1024K, 1 young (1024K), 1 survivors (1024K)
 Metaspace       used 66548K, capacity 68000K, committed 68224K, reserved 1107968K
  class space    used 8760K, capacity 9333K, committed 9344K, reserved 1048576K
}
Event: 1956.246 GC heap before
{Heap before GC invocations=53 (full 0):
 garbage-first heap   total 61440K, used 51890K [0x0000000082c00000, 0x0000000100000000)
  region size 1024K, 19 young (19456K), 1 survivors (1024K)
 Metaspace       used 66558K, capacity 68003K, committed 68224K, reserved 1107968K
  class space    used 8760K, capacity 9334K, committed 9344K, reserved 1048576K
}
Event: 1956.248 GC heap after
{Heap after GC invocations=54 (full 0):
 garbage-first heap   total 61440K, used 33461K [0x0000000082c00000, 0x0000000100000000)
  region size 1024K, 1 young (1024K), 1 survivors (1024K)
 Metaspace       used 66558K, capacity 68003K, committed 68224K, reserved 1107968K
  class space    used 8760K, capacity 9334K, committed 9344K, reserved 1048576K
}
Event: 2510.817 GC heap before
{Heap before GC invocations=55 (full 0):
 garbage-first heap   total 61440K, used 51893K [0x0000000082c00000, 0x0000000100000000)
  region size 1024K, 19 young (19456K), 1 survivors (1024K)
 Metaspace       used 66560K, capacity 68003K, committed 68224K, reserved 1107968K
  class space    used 8760K, capacity 9334K, committed 9344K, reserved 1048576K
}
Event: 2510.818 GC heap after
{Heap after GC invocations=56 (full 0):
 garbage-first heap   total 61440K, used 33463K [0x0000000082c00000, 0x0000000100000000)
  region size 1024K, 1 young (1024K), 1 survivors (1024K)
 Metaspace       used 66560K, capacity 68003K, committed 68224K, reserved 1107968K
  class space    used 8760K, capacity 9334K, committed 9344K, reserved 1048576K
}
Event: 3066.018 GC heap before
{Heap before GC invocations=56 (full 0):
 garbage-first heap   total 61440K, used 51895K [0x0000000082c00000, 0x0000000100000000)
  region size 1024K, 19 young (19456K), 1 survivors (1024K)
 Metaspace       used 66596K, capacity 68067K, committed 68224K, reserved 1107968K
  class space    used 8760K, capacity 9334K, committed 9344K, reserved 1048576K
}
Event: 3066.020 GC heap after
{Heap after GC invocations=57 (full 0):
 garbage-first heap   total 61440K, used 33459K [0x0000000082c00000, 0x0000000100000000)
  region size 1024K, 1 young (1024K), 1 survivors (1024K)
 Metaspace       used 66596K, capacity 68067K, committed 68224K, reserved 1107968K
  class space    used 8760K, capacity 9334K, committed 9344K, reserved 1048576K
}

